0 info it worked if it ends with ok
1 verbose cli [ '/usr/local/bin/node',
1 verbose cli   '/usr/local/bin/npm',
1 verbose cli   'install',
1 verbose cli   '--save',
1 verbose cli   'axis@2.0.0-alpha.1' ]
2 info using npm@3.10.3
3 info using node@v6.3.1
4 silly loadCurrentTree Starting
5 silly install loadCurrentTree
6 silly install readLocalPackageData
7 silly fetchPackageMetaData axis@2.0.0-alpha.1
8 silly fetchNamedPackageData axis
9 silly mapToRegistry name axis
10 silly mapToRegistry using default registry
11 silly mapToRegistry registry https://registry.npmjs.org/
12 silly mapToRegistry data Result {
12 silly mapToRegistry   raw: 'axis',
12 silly mapToRegistry   scope: null,
12 silly mapToRegistry   escapedName: 'axis',
12 silly mapToRegistry   name: 'axis',
12 silly mapToRegistry   rawSpec: '',
12 silly mapToRegistry   spec: 'latest',
12 silly mapToRegistry   type: 'tag' }
13 silly mapToRegistry uri https://registry.npmjs.org/axis
14 verbose request uri https://registry.npmjs.org/axis
15 verbose request no auth needed
16 info attempt registry request try #1 at 21:35:32
17 verbose request id 435839afc23777dd
18 verbose etag W/"58915092-4e90"
19 verbose lastModified Wed, 01 Feb 2017 03:05:54 GMT
20 http request GET https://registry.npmjs.org/axis
21 http 304 https://registry.npmjs.org/axis
22 verbose headers { date: 'Thu, 27 Apr 2017 01:35:32 GMT',
22 verbose headers   via: '1.1 varnish',
22 verbose headers   'cache-control': 'max-age=300',
22 verbose headers   etag: 'W/"58915092-4e90"',
22 verbose headers   age: '0',
22 verbose headers   connection: 'keep-alive',
22 verbose headers   'x-served-by': 'cache-jfk8135-JFK',
22 verbose headers   'x-cache': 'MISS',
22 verbose headers   'x-cache-hits': '0',
22 verbose headers   'x-timer': 'S1493256932.245029,VS0,VE151',
22 verbose headers   vary: 'Accept-Encoding' }
23 silly get cb [ 304,
23 silly get   { date: 'Thu, 27 Apr 2017 01:35:32 GMT',
23 silly get     via: '1.1 varnish',
23 silly get     'cache-control': 'max-age=300',
23 silly get     etag: 'W/"58915092-4e90"',
23 silly get     age: '0',
23 silly get     connection: 'keep-alive',
23 silly get     'x-served-by': 'cache-jfk8135-JFK',
23 silly get     'x-cache': 'MISS',
23 silly get     'x-cache-hits': '0',
23 silly get     'x-timer': 'S1493256932.245029,VS0,VE151',
23 silly get     vary: 'Accept-Encoding' } ]
24 verbose etag https://registry.npmjs.org/axis from cache
25 verbose get saving axis to /Users/Thierry/.npm/registry.npmjs.org/axis/.cache.json
26 verbose correctMkdir /Users/Thierry/.npm correctMkdir not in flight; initializing
27 silly fetchNamedPackageData No valid target from cache, forcing network
28 verbose request uri https://registry.npmjs.org/axis
29 verbose request no auth needed
30 info attempt registry request try #1 at 21:35:32
31 http request GET https://registry.npmjs.org/axis
32 http 200 https://registry.npmjs.org/axis
33 verbose headers { server: 'nginx/1.10.1',
33 verbose headers   'content-type': 'application/json',
33 verbose headers   'last-modified': 'Wed, 01 Feb 2017 03:05:54 GMT',
33 verbose headers   etag: 'W/"58915092-4e90"',
33 verbose headers   'content-encoding': 'gzip',
33 verbose headers   'cache-control': 'max-age=300',
33 verbose headers   'content-length': '3600',
33 verbose headers   'accept-ranges': 'bytes',
33 verbose headers   date: 'Thu, 27 Apr 2017 01:35:32 GMT',
33 verbose headers   via: '1.1 varnish',
33 verbose headers   age: '0',
33 verbose headers   connection: 'keep-alive',
33 verbose headers   'x-served-by': 'cache-jfk8135-JFK',
33 verbose headers   'x-cache': 'HIT',
33 verbose headers   'x-cache-hits': '1',
33 verbose headers   'x-timer': 'S1493256932.458991,VS0,VE0',
33 verbose headers   vary: 'Accept-Encoding' }
34 silly get cb [ 200,
34 silly get   { server: 'nginx/1.10.1',
34 silly get     'content-type': 'application/json',
34 silly get     'last-modified': 'Wed, 01 Feb 2017 03:05:54 GMT',
34 silly get     etag: 'W/"58915092-4e90"',
34 silly get     'content-encoding': 'gzip',
34 silly get     'cache-control': 'max-age=300',
34 silly get     'content-length': '3600',
34 silly get     'accept-ranges': 'bytes',
34 silly get     date: 'Thu, 27 Apr 2017 01:35:32 GMT',
34 silly get     via: '1.1 varnish',
34 silly get     age: '0',
34 silly get     connection: 'keep-alive',
34 silly get     'x-served-by': 'cache-jfk8135-JFK',
34 silly get     'x-cache': 'HIT',
34 silly get     'x-cache-hits': '1',
34 silly get     'x-timer': 'S1493256932.458991,VS0,VE0',
34 silly get     vary: 'Accept-Encoding' } ]
35 verbose get saving axis to /Users/Thierry/.npm/registry.npmjs.org/axis/.cache.json
36 verbose correctMkdir /Users/Thierry/.npm correctMkdir not in flight; initializing
37 silly fetchPackageMetaData Error: No compatible version found: axis@2.0.0-alpha.1
37 silly fetchPackageMetaData Valid install targets:
37 silly fetchPackageMetaData 1.0.0, 0.6.1, 0.6.0, 0.5.2, 0.5.1, 0.5.0, 0.4.3, 0.4.2, 0.4.1, 0.4.0, 0.3.2, 0.3.1, 0.3.0, 0.2.2, 0.2.1, 0.2.0, 0.2.0-rc.3
37 silly fetchPackageMetaData
37 silly fetchPackageMetaData     at pickVersionFromRegistryDocument (/usr/local/lib/node_modules/npm/lib/fetch-package-metadata.js:170:16)
37 silly fetchPackageMetaData     at /usr/local/lib/node_modules/npm/node_modules/iferr/index.js:13:50
37 silly fetchPackageMetaData     at /usr/local/lib/node_modules/npm/lib/utils/pulse-till-done.js:20:8
37 silly fetchPackageMetaData     at saved (/usr/local/lib/node_modules/npm/lib/cache/caching-client.js:174:7)
37 silly fetchPackageMetaData     at /usr/local/lib/node_modules/npm/node_modules/graceful-fs/polyfills.js:210:7
37 silly fetchPackageMetaData     at FSReqWrap.oncomplete (fs.js:123:15)
37 silly fetchPackageMetaData  error for axis@2.0.0-alpha.1 Error: No compatible version found: axis@2.0.0-alpha.1
37 silly fetchPackageMetaData Valid install targets:
37 silly fetchPackageMetaData 1.0.0, 0.6.1, 0.6.0, 0.5.2, 0.5.1, 0.5.0, 0.4.3, 0.4.2, 0.4.1, 0.4.0, 0.3.2, 0.3.1, 0.3.0, 0.2.2, 0.2.1, 0.2.0, 0.2.0-rc.3
37 silly fetchPackageMetaData
37 silly fetchPackageMetaData     at pickVersionFromRegistryDocument (/usr/local/lib/node_modules/npm/lib/fetch-package-metadata.js:170:16)
37 silly fetchPackageMetaData     at /usr/local/lib/node_modules/npm/node_modules/iferr/index.js:13:50
37 silly fetchPackageMetaData     at /usr/local/lib/node_modules/npm/lib/utils/pulse-till-done.js:20:8
37 silly fetchPackageMetaData     at saved (/usr/local/lib/node_modules/npm/lib/cache/caching-client.js:174:7)
37 silly fetchPackageMetaData     at /usr/local/lib/node_modules/npm/node_modules/graceful-fs/polyfills.js:210:7
37 silly fetchPackageMetaData     at FSReqWrap.oncomplete (fs.js:123:15)
38 silly rollbackFailedOptional Starting
39 silly rollbackFailedOptional Finishing
40 silly runTopLevelLifecycles Starting
41 silly runTopLevelLifecycles Finishing
42 silly install printInstalled
43 verbose stack Error: No compatible version found: axis@2.0.0-alpha.1
43 verbose stack Valid install targets:
43 verbose stack 1.0.0, 0.6.1, 0.6.0, 0.5.2, 0.5.1, 0.5.0, 0.4.3, 0.4.2, 0.4.1, 0.4.0, 0.3.2, 0.3.1, 0.3.0, 0.2.2, 0.2.1, 0.2.0, 0.2.0-rc.3
43 verbose stack
43 verbose stack     at pickVersionFromRegistryDocument (/usr/local/lib/node_modules/npm/lib/fetch-package-metadata.js:170:16)
43 verbose stack     at /usr/local/lib/node_modules/npm/node_modules/iferr/index.js:13:50
43 verbose stack     at /usr/local/lib/node_modules/npm/lib/utils/pulse-till-done.js:20:8
43 verbose stack     at saved (/usr/local/lib/node_modules/npm/lib/cache/caching-client.js:174:7)
43 verbose stack     at /usr/local/lib/node_modules/npm/node_modules/graceful-fs/polyfills.js:210:7
43 verbose stack     at FSReqWrap.oncomplete (fs.js:123:15)
44 verbose cwd /Users/Thierry/Documents/Projets/acupop-montreal/spike
45 error Darwin 15.6.0
46 error argv "/usr/local/bin/node" "/usr/local/bin/npm" "install" "--save" "axis@2.0.0-alpha.1"
47 error node v6.3.1
48 error npm  v3.10.3
49 error No compatible version found: axis@2.0.0-alpha.1
49 error Valid install targets:
49 error 1.0.0, 0.6.1, 0.6.0, 0.5.2, 0.5.1, 0.5.0, 0.4.3, 0.4.2, 0.4.1, 0.4.0, 0.3.2, 0.3.1, 0.3.0, 0.2.2, 0.2.1, 0.2.0, 0.2.0-rc.3
50 error If you need help, you may report this error at:
50 error     <https://github.com/npm/npm/issues>
51 verbose exit [ 1, true ]
